2021-06-03 09:38:47.7287|INFO|PP.WPF.ViewModels.HomeViewModel|TIMELINE STARTED
2021-06-03 09:39:03.8379|INFO|PP.WPF.ViewModels.TrackingViewModel|TRACKING STARTED
2021-06-03 09:39:04.8537|ERROR|PP.WPF.ViewModels.TrackingViewModel|System.InvalidOperationException: The calling thread cannot access this object because a different thread owns it.
   at System.Windows.Threading.Dispatcher.VerifyAccess()
   at System.Windows.DependencyObject.GetValue(DependencyProperty dp)
   at DevExpress.Xpf.Scheduling.SchedulerControl.get_AllowReminders()
   at DevExpress.Xpf.Scheduling.Internal.RemindersController.AddItems(IEnumerable`1 items)
   at DevExpress.Xpf.Scheduling.AppointmentItemCollection.ProcessNewItems(IEnumerable`1 items)
   at DevExpress.Xpf.Scheduling.AppointmentItemCollection.OnCollectionChanged(NotifyCollectionChangedEventArgs e)
   at DevExpress.Mvvm.Native.BoundCollectionBase`1.ItemsInsert(Int32 index, T newItem)
   at DevExpress.Mvvm.Native.BoundCollectionBase`1.OnSourceAdd(Int32 index, Object newSourceObject)
   at DevExpress.Mvvm.Native.BoundCollectionBase`1.OnSourceCollectionChanged(Object sender, NotifyCollectionChangedEventArgs e)
   at System.Collections.ObjectModel.ObservableCollection`1.OnCollectionChanged(NotifyCollectionChangedEventArgs e)
   at PP.WPF.ViewModels.TrackingViewModel.<GetData>b__42_0() in C:\Users\Dematec\Documents\GitHub\ProgrammaProgrammatori\PP\PP.WPF\ViewModels\TrackingViewModel.cs:line 204
   at PP.WPF.ViewModels.TrackingViewModel.GetData() in C:\Users\Dematec\Documents\GitHub\ProgrammaProgrammatori\PP\PP.WPF\ViewModels\TrackingViewModel.cs:line 191
2021-06-03 10:01:12.4968|INFO|PP.WPF.ViewModels.HomeViewModel|TIMELINE STARTED
2021-06-03 10:17:17.5001|INFO|PP.WPF.ViewModels.TrackingViewModel|TRACKING STARTED
2021-06-03 10:17:18.4871|ERROR|PP.WPF.ViewModels.TrackingViewModel|System.InvalidOperationException: The calling thread cannot access this object because a different thread owns it.
   at System.Windows.Threading.Dispatcher.VerifyAccess()
   at System.Windows.DependencyObject.GetValue(DependencyProperty dp)
   at DevExpress.Xpf.Scheduling.SchedulerControl.get_AllowReminders()
   at DevExpress.Xpf.Scheduling.Internal.RemindersController.AddItems(IEnumerable`1 items)
   at DevExpress.Xpf.Scheduling.AppointmentItemCollection.ProcessNewItems(IEnumerable`1 items)
   at DevExpress.Xpf.Scheduling.AppointmentItemCollection.OnCollectionChanged(NotifyCollectionChangedEventArgs e)
   at DevExpress.Mvvm.Native.BoundCollectionBase`1.ItemsInsert(Int32 index, T newItem)
   at DevExpress.Mvvm.Native.BoundCollectionBase`1.OnSourceAdd(Int32 index, Object newSourceObject)
   at DevExpress.Mvvm.Native.BoundCollectionBase`1.OnSourceCollectionChanged(Object sender, NotifyCollectionChangedEventArgs e)
   at System.Collections.ObjectModel.ObservableCollection`1.OnCollectionChanged(NotifyCollectionChangedEventArgs e)
   at PP.WPF.ViewModels.TrackingViewModel.<GetData>b__42_0() in C:\Users\Dematec\Documents\GitHub\ProgrammaProgrammatori\PP\PP.WPF\ViewModels\TrackingViewModel.cs:line 204
   at PP.WPF.ViewModels.TrackingViewModel.GetData() in C:\Users\Dematec\Documents\GitHub\ProgrammaProgrammatori\PP\PP.WPF\ViewModels\TrackingViewModel.cs:line 191
2021-06-03 10:55:34.4413|INFO|PP.WPF.ViewModels.HomeViewModel|TIMELINE STARTED
2021-06-03 11:43:14.5257|INFO|PP.WPF.ViewModels.HomeViewModel|TIMELINE STARTED
2021-06-03 11:57:28.2225|INFO|PP.WPF.ViewModels.HomeViewModel|TIMELINE STARTED
2021-06-03 12:28:46.9670|INFO|PP.WPF.ViewModels.HomeViewModel|TIMELINE STARTED
2021-06-03 15:27:48.8658|INFO|PP.WPF.ViewModels.HomeViewModel|TIMELINE STARTED
2021-06-03 15:33:44.4394|INFO|PP.WPF.ViewModels.HomeViewModel|TIMELINE STARTED
2021-06-03 15:43:56.4003|INFO|PP.WPF.ViewModels.HomeViewModel|TIMELINE STARTED
2021-06-03 15:52:02.5670|INFO|PP.WPF.ViewModels.HomeViewModel|TIMELINE STARTED
2021-06-03 15:53:57.1339|INFO|PP.WPF.ViewModels.HomeViewModel|TIMELINE STARTED
2021-06-03 15:55:02.9284|INFO|PP.WPF.ViewModels.HomeViewModel|TIMELINE STARTED
2021-06-03 15:57:26.6169|INFO|PP.WPF.ViewModels.HomeViewModel|TIMELINE STARTED
2021-06-03 15:58:43.1008|INFO|PP.WPF.ViewModels.HomeViewModel|TIMELINE STARTED
2021-06-03 16:01:01.6626|INFO|PP.WPF.ViewModels.HomeViewModel|TIMELINE STARTED
2021-06-03 16:02:46.7444|INFO|PP.WPF.ViewModels.HomeViewModel|TIMELINE STARTED
2021-06-03 16:04:17.1384|INFO|PP.WPF.ViewModels.HomeViewModel|TIMELINE STARTED
2021-06-03 16:09:30.0224|INFO|PP.WPF.ViewModels.HomeViewModel|TIMELINE STARTED
2021-06-03 16:17:00.8700|INFO|PP.WPF.ViewModels.HomeViewModel|TIMELINE STARTED
2021-06-03 16:18:52.6022|INFO|PP.WPF.ViewModels.HomeViewModel|TIMELINE STARTED
2021-06-03 17:14:34.2015|INFO|PP.WPF.ViewModels.HomeViewModel|TIMELINE STARTED
2021-06-03 17:34:54.9826|INFO|PP.WPF.ViewModels.HomeViewModel|TIMELINE STARTED
2021-06-03 17:36:58.7280|INFO|PP.WPF.ViewModels.HomeViewModel|TIMELINE STARTED
2021-06-03 17:55:43.9927|INFO|PP.WPF.ViewModels.HomeViewModel|TIMELINE STARTED
2021-06-03 17:57:07.4001|INFO|PP.WPF.ViewModels.HomeViewModel|TIMELINE STARTED
2021-06-03 18:01:41.0374|INFO|PP.WPF.ViewModels.HomeViewModel|TIMELINE STARTED
2021-06-03 18:03:17.8056|INFO|PP.WPF.ViewModels.HomeViewModel|TIMELINE STARTED
2021-06-03 18:07:37.1648|INFO|PP.WPF.ViewModels.HomeViewModel|TIMELINE STARTED
2021-06-03 18:09:58.0821|INFO|PP.WPF.ViewModels.HomeViewModel|TIMELINE STARTED
2021-06-03 18:12:54.3935|INFO|PP.WPF.ViewModels.HomeViewModel|TIMELINE STARTED
