2021-06-04 10:41:24.4886|INFO|PP.WPF.ViewModels.HomeViewModel|TIMELINE STARTED
2021-06-04 10:45:06.7503|INFO|PP.WPF.ViewModels.HomeViewModel|TIMELINE STARTED
2021-06-04 10:50:50.9330|INFO|PP.WPF.ViewModels.HomeViewModel|TIMELINE STARTED
2021-06-04 10:53:49.2864|INFO|PP.WPF.ViewModels.HomeViewModel|TIMELINE STARTED
2021-06-04 10:56:59.8735|INFO|PP.WPF.ViewModels.HomeViewModel|TIMELINE STARTED
2021-06-04 11:18:10.7313|INFO|PP.WPF.ViewModels.HomeViewModel|TIMELINE STARTED
2021-06-04 11:46:53.9436|INFO|PP.WPF.ViewModels.HomeViewModel|TIMELINE STARTED
2021-06-04 11:48:11.2912|INFO|PP.WPF.ViewModels.TrackingViewModel|TRACKING STARTED
2021-06-04 11:55:01.6252|INFO|PP.WPF.ViewModels.HomeViewModel|TIMELINE STARTED
2021-06-04 11:59:19.1149|INFO|PP.WPF.ViewModels.HomeViewModel|TIMELINE STARTED
2021-06-04 12:01:28.3981|INFO|PP.WPF.ViewModels.HomeViewModel|TIMELINE STARTED
2021-06-04 12:13:12.7861|INFO|PP.WPF.ViewModels.HomeViewModel|TIMELINE STARTED
2021-06-04 12:13:26.5808|INFO|PP.WPF.ViewModels.TrackingViewModel|TRACKING STARTED
2021-06-04 12:13:27.9344|ERROR|PP.WPF.ViewModels.TrackingViewModel|System.InvalidOperationException: The calling thread cannot access this object because a different thread owns it.
   at System.Windows.Threading.Dispatcher.VerifyAccess()
   at System.Windows.DependencyObject.GetValue(DependencyProperty dp)
   at DevExpress.Xpf.Scheduling.SchedulerControl.get_AllowReminders()
   at DevExpress.Xpf.Scheduling.Internal.RemindersController.AddItems(IEnumerable`1 items)
   at DevExpress.Xpf.Scheduling.AppointmentItemCollection.ProcessNewItems(IEnumerable`1 items)
   at DevExpress.Xpf.Scheduling.AppointmentItemCollection.OnCollectionChanged(NotifyCollectionChangedEventArgs e)
   at DevExpress.Mvvm.Native.BoundCollectionBase`1.ItemsInsert(Int32 index, T newItem)
   at DevExpress.Mvvm.Native.BoundCollectionBase`1.OnSourceAdd(Int32 index, Object newSourceObject)
   at DevExpress.Mvvm.Native.BoundCollectionBase`1.OnSourceCollectionChanged(Object sender, NotifyCollectionChangedEventArgs e)
   at System.Collections.ObjectModel.ObservableCollection`1.OnCollectionChanged(NotifyCollectionChangedEventArgs e)
   at PP.WPF.ViewModels.TrackingViewModel.<GetData>b__42_0() in C:\Users\Dematec\Documents\GitHub\ProgrammaProgrammatori\PP\PP.WPF\ViewModels\TrackingViewModel.cs:line 204
   at PP.WPF.ViewModels.TrackingViewModel.GetData() in C:\Users\Dematec\Documents\GitHub\ProgrammaProgrammatori\PP\PP.WPF\ViewModels\TrackingViewModel.cs:line 191
2021-06-04 12:16:48.2880|INFO|PP.WPF.ViewModels.HomeViewModel|TIMELINE STARTED
2021-06-04 12:20:34.0914|INFO|PP.WPF.ViewModels.HomeViewModel|TIMELINE STARTED
2021-06-04 12:30:44.4461|INFO|PP.WPF.ViewModels.HomeViewModel|TIMELINE STARTED
2021-06-04 12:37:29.7513|INFO|PP.WPF.ViewModels.HomeViewModel|TIMELINE STARTED
2021-06-04 12:38:09.4631|INFO|PP.WPF.ViewModels.TrackingViewModel|TRACKING STARTED
2021-06-04 12:38:10.3539|ERROR|PP.WPF.ViewModels.TrackingViewModel|System.InvalidOperationException: The calling thread cannot access this object because a different thread owns it.
   at System.Windows.Threading.Dispatcher.VerifyAccess()
   at System.Windows.DependencyObject.GetValue(DependencyProperty dp)
   at DevExpress.Xpf.Scheduling.SchedulerControl.get_AllowReminders()
   at DevExpress.Xpf.Scheduling.Internal.RemindersController.AddItems(IEnumerable`1 items)
   at DevExpress.Xpf.Scheduling.AppointmentItemCollection.ProcessNewItems(IEnumerable`1 items)
   at DevExpress.Xpf.Scheduling.AppointmentItemCollection.OnCollectionChanged(NotifyCollectionChangedEventArgs e)
   at DevExpress.Mvvm.Native.BoundCollectionBase`1.ItemsInsert(Int32 index, T newItem)
   at DevExpress.Mvvm.Native.BoundCollectionBase`1.OnSourceAdd(Int32 index, Object newSourceObject)
   at DevExpress.Mvvm.Native.BoundCollectionBase`1.OnSourceCollectionChanged(Object sender, NotifyCollectionChangedEventArgs e)
   at System.Collections.ObjectModel.ObservableCollection`1.OnCollectionChanged(NotifyCollectionChangedEventArgs e)
   at PP.WPF.ViewModels.TrackingViewModel.<GetData>b__42_0() in C:\Users\Dematec\Documents\GitHub\ProgrammaProgrammatori\PP\PP.WPF\ViewModels\TrackingViewModel.cs:line 204
   at PP.WPF.ViewModels.TrackingViewModel.GetData() in C:\Users\Dematec\Documents\GitHub\ProgrammaProgrammatori\PP\PP.WPF\ViewModels\TrackingViewModel.cs:line 191
2021-06-04 12:43:42.8667|INFO|PP.WPF.ViewModels.HomeViewModel|TIMELINE STARTED
2021-06-04 12:49:30.5422|INFO|PP.WPF.ViewModels.HomeViewModel|TIMELINE STARTED
2021-06-04 13:07:21.9619|INFO|PP.WPF.ViewModels.TrackingViewModel|TRACKING STARTED
2021-06-04 13:26:36.9255|INFO|PP.WPF.ViewModels.HomeViewModel|TIMELINE STARTED
2021-06-04 13:29:53.5514|INFO|PP.WPF.ViewModels.HomeViewModel|TIMELINE STARTED
2021-06-04 13:30:15.3577|INFO|PP.WPF.ViewModels.TrackingViewModel|TRACKING STARTED
2021-06-04 13:30:16.2317|ERROR|PP.WPF.ViewModels.TrackingViewModel|System.InvalidOperationException: The calling thread cannot access this object because a different thread owns it.
   at System.Windows.Threading.Dispatcher.VerifyAccess()
   at System.Windows.DependencyObject.GetValue(DependencyProperty dp)
   at DevExpress.Xpf.Scheduling.SchedulerControl.get_AllowReminders()
   at DevExpress.Xpf.Scheduling.Internal.RemindersController.AddItems(IEnumerable`1 items)
   at DevExpress.Xpf.Scheduling.AppointmentItemCollection.ProcessNewItems(IEnumerable`1 items)
   at DevExpress.Xpf.Scheduling.AppointmentItemCollection.OnCollectionChanged(NotifyCollectionChangedEventArgs e)
   at DevExpress.Mvvm.Native.BoundCollectionBase`1.ItemsInsert(Int32 index, T newItem)
   at DevExpress.Mvvm.Native.BoundCollectionBase`1.OnSourceAdd(Int32 index, Object newSourceObject)
   at DevExpress.Mvvm.Native.BoundCollectionBase`1.OnSourceCollectionChanged(Object sender, NotifyCollectionChangedEventArgs e)
   at System.Collections.ObjectModel.ObservableCollection`1.OnCollectionChanged(NotifyCollectionChangedEventArgs e)
   at PP.WPF.ViewModels.TrackingViewModel.<GetData>b__42_0() in C:\Users\Dematec\Documents\GitHub\ProgrammaProgrammatori\PP\PP.WPF\ViewModels\TrackingViewModel.cs:line 204
   at PP.WPF.ViewModels.TrackingViewModel.GetData() in C:\Users\Dematec\Documents\GitHub\ProgrammaProgrammatori\PP\PP.WPF\ViewModels\TrackingViewModel.cs:line 191
2021-06-04 13:31:13.6042|INFO|PP.WPF.ViewModels.HomeViewModel|TIMELINE STARTED
2021-06-04 13:32:31.2692|INFO|PP.WPF.ViewModels.HomeViewModel|TIMELINE STARTED
2021-06-04 13:33:54.3115|INFO|PP.WPF.ViewModels.HomeViewModel|TIMELINE STARTED
2021-06-04 13:36:59.8499|INFO|PP.WPF.ViewModels.HomeViewModel|TIMELINE STARTED
2021-06-04 13:57:47.0672|INFO|PP.WPF.ViewModels.HomeViewModel|TIMELINE STARTED
2021-06-04 13:58:48.7351|INFO|PP.WPF.ViewModels.TrackingViewModel|TRACKING STARTED
2021-06-04 13:59:20.8720|INFO|PP.WPF.ViewModels.HomeViewModel|TIMELINE STARTED
2021-06-04 14:04:02.6936|INFO|PP.WPF.ViewModels.TrackingViewModel|TRACKING STARTED
2021-06-04 14:04:03.6228|ERROR|PP.WPF.ViewModels.TrackingViewModel|System.InvalidOperationException: The calling thread cannot access this object because a different thread owns it.
   at System.Windows.Threading.Dispatcher.VerifyAccess()
   at System.Windows.DependencyObject.GetValue(DependencyProperty dp)
   at DevExpress.Xpf.Scheduling.SchedulerControl.get_AllowReminders()
   at DevExpress.Xpf.Scheduling.Internal.RemindersController.AddItems(IEnumerable`1 items)
   at DevExpress.Xpf.Scheduling.AppointmentItemCollection.ProcessNewItems(IEnumerable`1 items)
   at DevExpress.Xpf.Scheduling.AppointmentItemCollection.OnCollectionChanged(NotifyCollectionChangedEventArgs e)
   at DevExpress.Mvvm.Native.BoundCollectionBase`1.ItemsInsert(Int32 index, T newItem)
   at DevExpress.Mvvm.Native.BoundCollectionBase`1.OnSourceAdd(Int32 index, Object newSourceObject)
   at DevExpress.Mvvm.Native.BoundCollectionBase`1.OnSourceCollectionChanged(Object sender, NotifyCollectionChangedEventArgs e)
   at System.Collections.ObjectModel.ObservableCollection`1.OnCollectionChanged(NotifyCollectionChangedEventArgs e)
   at PP.WPF.ViewModels.TrackingViewModel.<GetData>b__42_0() in C:\Users\Dematec\Documents\GitHub\ProgrammaProgrammatori\PP\PP.WPF\ViewModels\TrackingViewModel.cs:line 204
   at PP.WPF.ViewModels.TrackingViewModel.GetData() in C:\Users\Dematec\Documents\GitHub\ProgrammaProgrammatori\PP\PP.WPF\ViewModels\TrackingViewModel.cs:line 191
2021-06-04 14:19:29.9658|INFO|PP.WPF.ViewModels.HomeViewModel|TIMELINE STARTED
2021-06-04 14:23:33.1243|INFO|PP.WPF.ViewModels.HomeViewModel|TIMELINE STARTED
2021-06-04 14:25:09.3748|INFO|PP.WPF.ViewModels.HomeViewModel|TIMELINE STARTED
2021-06-04 14:28:03.2835|INFO|PP.WPF.ViewModels.HomeViewModel|TIMELINE STARTED
2021-06-04 14:30:15.2956|INFO|PP.WPF.ViewModels.TrackingViewModel|TRACKING STARTED
2021-06-04 14:30:16.3588|ERROR|PP.WPF.ViewModels.TrackingViewModel|System.InvalidOperationException: The calling thread cannot access this object because a different thread owns it.
   at System.Windows.Threading.Dispatcher.VerifyAccess()
   at System.Windows.DependencyObject.GetValue(DependencyProperty dp)
   at DevExpress.Xpf.Scheduling.SchedulerControl.get_AllowReminders()
   at DevExpress.Xpf.Scheduling.Internal.RemindersController.AddItems(IEnumerable`1 items)
   at DevExpress.Xpf.Scheduling.AppointmentItemCollection.ProcessNewItems(IEnumerable`1 items)
   at DevExpress.Xpf.Scheduling.AppointmentItemCollection.OnCollectionChanged(NotifyCollectionChangedEventArgs e)
   at DevExpress.Mvvm.Native.BoundCollectionBase`1.ItemsInsert(Int32 index, T newItem)
   at DevExpress.Mvvm.Native.BoundCollectionBase`1.OnSourceAdd(Int32 index, Object newSourceObject)
   at DevExpress.Mvvm.Native.BoundCollectionBase`1.OnSourceCollectionChanged(Object sender, NotifyCollectionChangedEventArgs e)
   at System.Collections.ObjectModel.ObservableCollection`1.OnCollectionChanged(NotifyCollectionChangedEventArgs e)
   at PP.WPF.ViewModels.TrackingViewModel.<GetData>b__42_0() in C:\Users\Dematec\Documents\GitHub\ProgrammaProgrammatori\PP\PP.WPF\ViewModels\TrackingViewModel.cs:line 204
   at PP.WPF.ViewModels.TrackingViewModel.GetData() in C:\Users\Dematec\Documents\GitHub\ProgrammaProgrammatori\PP\PP.WPF\ViewModels\TrackingViewModel.cs:line 191
2021-06-04 14:33:59.5250|INFO|PP.WPF.ViewModels.HomeViewModel|TIMELINE STARTED
2021-06-04 14:34:58.2903|INFO|PP.WPF.ViewModels.HomeViewModel|TIMELINE STARTED
2021-06-04 14:36:39.4336|INFO|PP.WPF.ViewModels.HomeViewModel|TIMELINE STARTED
2021-06-04 14:37:44.7268|INFO|PP.WPF.ViewModels.TrackingViewModel|TRACKING STARTED
2021-06-04 14:37:46.2424|ERROR|PP.WPF.ViewModels.TrackingViewModel|System.InvalidOperationException: The calling thread cannot access this object because a different thread owns it.
   at System.Windows.Threading.Dispatcher.VerifyAccess()
   at System.Windows.DependencyObject.GetValue(DependencyProperty dp)
   at DevExpress.Xpf.Scheduling.SchedulerControl.get_AllowReminders()
   at DevExpress.Xpf.Scheduling.Internal.RemindersController.AddItems(IEnumerable`1 items)
   at DevExpress.Xpf.Scheduling.AppointmentItemCollection.ProcessNewItems(IEnumerable`1 items)
   at DevExpress.Xpf.Scheduling.AppointmentItemCollection.OnCollectionChanged(NotifyCollectionChangedEventArgs e)
   at DevExpress.Mvvm.Native.BoundCollectionBase`1.ItemsInsert(Int32 index, T newItem)
   at DevExpress.Mvvm.Native.BoundCollectionBase`1.OnSourceAdd(Int32 index, Object newSourceObject)
   at DevExpress.Mvvm.Native.BoundCollectionBase`1.OnSourceCollectionChanged(Object sender, NotifyCollectionChangedEventArgs e)
   at System.Collections.ObjectModel.ObservableCollection`1.OnCollectionChanged(NotifyCollectionChangedEventArgs e)
   at PP.WPF.ViewModels.TrackingViewModel.<GetData>b__42_0() in C:\Users\Dematec\Documents\GitHub\ProgrammaProgrammatori\PP\PP.WPF\ViewModels\TrackingViewModel.cs:line 204
   at PP.WPF.ViewModels.TrackingViewModel.GetData() in C:\Users\Dematec\Documents\GitHub\ProgrammaProgrammatori\PP\PP.WPF\ViewModels\TrackingViewModel.cs:line 191
2021-06-04 14:38:25.9281|INFO|PP.WPF.ViewModels.HomeViewModel|TIMELINE STARTED
2021-06-04 14:40:20.7666|INFO|PP.WPF.ViewModels.HomeViewModel|TIMELINE STARTED
2021-06-04 15:06:20.9013|INFO|PP.WPF.ViewModels.HomeViewModel|TIMELINE STARTED
2021-06-04 15:11:13.8035|INFO|PP.WPF.ViewModels.HomeViewModel|TIMELINE STARTED
2021-06-04 15:24:45.5040|INFO|PP.WPF.ViewModels.TrackingViewModel|TRACKING STARTED
2021-06-04 15:26:43.4052|INFO|PP.WPF.ViewModels.HomeViewModel|TIMELINE STARTED
2021-06-04 15:30:46.0267|INFO|PP.WPF.ViewModels.HomeViewModel|TIMELINE STARTED
2021-06-04 15:49:33.3674|INFO|PP.WPF.ViewModels.HomeViewModel|TIMELINE STARTED
2021-06-04 16:02:37.8680|INFO|PP.WPF.ViewModels.HomeViewModel|TIMELINE STARTED
2021-06-04 16:05:38.3541|INFO|PP.WPF.ViewModels.HomeViewModel|TIMELINE STARTED
